[root@xxx ~]# arcconf GETCONFIG 1
Controllers found: 1
----------------------------------------------------------------------
Controller information
----------------------------------------------------------------------
   Controller Status                        : Optimal
   Channel description                      : SAS/SATA
   Controller Model                         : IBM ServeRAID 8k-l
   Controller Serial Number                 : xxxx
   Physical Slot                            : 0
   Installed memory                         : 32 MB
   Copyback                                 : Disabled
   Background consistency check             : Disabled
   Automatic Failover                       : Enabled
   Stayawake period                         : Disabled
   Spinup limit internal drives             : 0
   Spinup limit external drives             : 0
   Defunct disk drive count                 : 0
   Logical devices/Failed/Degraded          : 1/0/0
   --------------------------------------------------------
   Controller Version Information
   --------------------------------------------------------
   BIOS                                     : 5.2-0 (15432)
   Firmware                                 : 5.2-0 (15432)
   Driver                                   : 1.1-5 (2461)
   Boot Flash                               : 5.1-0 (15432)
   --------------------------------------------------------
   Controller Battery Information
   --------------------------------------------------------
   Status                                   : Not Installed

----------------------------------------------------------------------
Logical device information
----------------------------------------------------------------------
Logical device number 0
   Logical device name                      : RAID 1
   RAID level                               : 1
   Status of logical device                 : Optimal
   Size                                     : 476800 MB
   Write-cache mode                         : Not supported
   Partitioned                              : Yes
   Protected by Hot-Spare                   : No
   Bootable                                 : Yes
   Failed stripes                           : No
   Power settings                           : Disabled
   --------------------------------------------------------
   Logical device segment information
   --------------------------------------------------------
   Segment 0                                : Present (0,0)             aaaaaaaa
   Segment 1                                : Present (0,1)             bbbbbbbb


----------------------------------------------------------------------
Physical Device information
----------------------------------------------------------------------
      Device #0
         Device is a Hard drive
         State                              : Online
         Supported                          : Yes
         Transfer Speed                     : SATA 1.5 Gb/s
         Reported Channel,Device(T:L)       : 0,0(0:0)
         Reported Location                  : Enclosure 0, Slot 0
         Reported ESD(T:L)                  : 2,0(0:0)
         Vendor                             : ST350032
         Model                              : 0NS
         Firmware                           : BB12
         Serial number                      : aaaaaaaa
         Size                               : 476940 MB
         Write Cache                        : Enabled (write-back)
         FRU                                : None
         S.M.A.R.T.                         : No
         S.M.A.R.T. warnings                : 0
         NCQ status                         : Disabled
      Device #1
         Device is a Hard drive
         State                              : Online
         Supported                          : Yes
         Transfer Speed                     : SATA 1.5 Gb/s
         Reported Channel,Device(T:L)       : 0,1(1:0)
         Reported Location                  : Enclosure 0, Slot 1
         Reported ESD(T:L)                  : 2,0(0:0)
         Vendor                             : ST350064
         Model                              : 1NS
         Firmware                           : 3.AEN
         Serial number                      : bbbbbbbb
         Size                               : 476940 MB
         Write Cache                        : Enabled (write-back)
         FRU                                : None
         S.M.A.R.T.                         : No
         S.M.A.R.T. warnings                : 0
         NCQ status                         : Disabled
      Device #2
         Device is an Enclosure services device
         Reported Channel,Device(T:L)       : 2,0(0:0)
         Enclosure ID                       : 0
         Type                               : SES2
         Vendor                             : IBM
         Model                              : SAS 4 DRIVE BP
         Firmware                           : 1.10
         Status of Enclosure services device


Command completed successfully.

